<?xml version="1.0" encoding="UTF-8"?>
<!-- Generated by org.testng.reporters.JUnitReportReporter -->
<testsuite hostname="Naveen" failures="0" tests="1" name="com.crm.organizations.TC_VT_003_Test" time="26.583" errors="0" timestamp="2024-11-27T13:41:13 IST" skipped="0">
  <testcase classname="com.crm.organizations.TC_VT_003_Test" name="createOrganization" time="26.583"/>
  <system-out/>
</testsuite> <!-- com.crm.organizations.TC_VT_003_Test -->
