<?xml version="1.0" encoding="UTF-8"?>
<!-- Generated by org.testng.reporters.JUnitReportReporter -->
<testsuite hostname="Naveen" failures="0" tests="1" name="com.crm.organizations.TC_VT_001_Test" time="13.662" errors="0" timestamp="2024-11-26T18:30:56 IST" skipped="0">
  <testcase classname="com.crm.organizations.TC_VT_001_Test" name="clickOnOrganizations" time="13.662"/>
  <system-out/>
</testsuite> <!-- com.crm.organizations.TC_VT_001_Test -->
