<?xml version="1.0" encoding="UTF-8"?>
<!-- Generated by org.testng.reporters.JUnitReportReporter -->
<testsuite hostname="Naveen" failures="0" tests="1" name="com.crm.organizations.TC_VT_004_Test" time="24.137" errors="0" timestamp="2024-11-28T13:06:39 IST" skipped="0">
  <testcase classname="com.crm.organizations.TC_VT_004_Test" name="createOrganizationWithIndustryDropDown" time="24.137"/>
  <system-out/>
</testsuite> <!-- com.crm.organizations.TC_VT_004_Test -->
