<?xml version="1.0" encoding="UTF-8"?>
<!-- Generated by org.testng.reporters.JUnitReportReporter -->
<testsuite hostname="Naveen" failures="0" tests="1" name="com.crm.contacts.TC_VT_001_Test" time="15.028" errors="0" timestamp="2024-11-26T18:30:24 IST" skipped="0">
  <testcase classname="com.crm.contacts.TC_VT_001_Test" name="clickOnContacts" time="15.028"/>
  <system-out/>
</testsuite> <!-- com.crm.contacts.TC_VT_001_Test -->
